<?xml version="1.0" encoding="utf-8"?>
<LinearLayout


    xmlns:android="http://schemas.android.com/apk/res/android"
    android:layout_width="match_parent"
    xmlns:app="http://schemas.android.com/apk/res-auto"
    android:orientation="vertical"
    android:layout_marginBottom="20dp"
    android:layout_height="match_parent">
    <LinearLayout
        android:layout_width="match_parent"
        android:layout_height="wrap_content"
        android:orientation="vertical"

        >


        <LinearLayout
            android:layout_width="match_parent"
            android:layout_height="40dp"
            android:weightSum="5"
            android:layout_marginTop="12dp"
            android:orientation="horizontal">

            <TextView
                android:layout_width="0dp"
                android:layout_height="match_parent"
                android:layout_weight="2"
                android:text="#"

                android:paddingStart="20dp"
                android:textColor="@color/black"
                android:textSize="18sp"
                android:gravity="center_vertical"
                />
            <TextView
                android:layout_width="0dp"
                android:layout_height="match_parent"
                android:layout_weight=".70"
                android:text="Total"
                android:textSize="17sp"
                android:textColor="@color/black"
                android:gravity="center"
                />
            <TextView
                android:layout_width="0dp"
                android:layout_height="match_parent"
                android:layout_weight=".80"
                android:text="Correct"
                android:textSize="17sp"
                android:textColor="@color/liteGreen"
                android:gravity="center"
                />
            <TextView
                android:layout_width="0dp"
                android:layout_height="match_parent"
                android:layout_weight=".75"
                android:text="wrong"
                android:textSize="17sp"
                android:gravity="center"
                android:textColor="@color/liteRed"
                />
            <TextView
                android:layout_width="0dp"
                android:layout_height="match_parent"
                android:layout_weight=".75"
                android:text="Marks"
                android:textSize="17sp"
                android:gravity="center"
                android:textColor="@color/liteBlue"
                />

        </LinearLayout>
        <androidx.cardview.widget.CardView
            android:layout_width="match_parent"
            android:layout_height="wrap_content"
            android:elevation="10dp"
            android:layout_marginTop="1dp"
            >
            <LinearLayout
                android:layout_width="match_parent"
                android:layout_height="40dp"
                android:weightSum="5"
                android:padding="10dp"
                android:orientation="horizontal">

                <TextView
                    android:layout_width="0dp"
                    android:layout_height="match_parent"
                    android:layout_weight="2"
                    android:text="Result"
                    android:textColor="@color/GreyText"
                    android:paddingStart="10dp"
                    android:textSize="16sp"
                    android:gravity="center_vertical"
                    />
                <TextView
                    android:textColor="@color/GreyText"
                    android:layout_width="0dp"
                    android:layout_height="match_parent"
                    android:layout_weight=".70"
                    android:text=""
                    android:id="@+id/totalTv"
                    android:textSize="18sp"
                    android:gravity="center"
                    />
                <TextView
                    android:layout_width="0dp"
                    android:layout_height="match_parent"
                    android:layout_weight=".80"
                    android:text=""
                    android:id="@+id/correctTv"
                    android:textSize="18sp"
                    android:gravity="center"
                    android:textColor="@color/GreyText"
                    />
                <TextView
                    android:layout_width="0dp"
                    android:layout_height="match_parent"
                    android:layout_weight=".75"
                    android:text=""
                    android:textSize="18sp"
                    android:textColor="@color/GreyText"
                    android:id="@+id/wrongTv"
                    android:gravity="center"
                    />
                <TextView
                    android:layout_width="0dp"
                    android:layout_height="match_parent"
                    android:layout_weight=".75"
                    android:text=""
                    android:textColor="@color/GreyText"
                    android:id="@+id/marksTv"
                    android:textSize="18sp"
                    android:gravity="center"
                    />

            </LinearLayout>
        </androidx.cardview.widget.CardView>

        <androidx.cardview.widget.CardView
            android:layout_width="match_parent"
            android:layout_height="wrap_content"
            android:elevation="10dp"
            android:layout_marginTop="1dp"            >
            <LinearLayout
                android:layout_width="match_parent"
                android:layout_height="40dp"
                android:weightSum="5"
                android:padding="10dp"
                android:orientation="horizontal">

                <TextView
                    android:layout_width="0dp"
                    android:layout_height="match_parent"
                    android:layout_weight="2"
                    android:text="International Affairs"
                    android:paddingStart="10dp"
                    android:textSize="16sp"
                    android:textColor="@color/GreyText"

                    android:gravity="center_vertical"
                    />
                <TextView
                    android:layout_width="0dp"
                    android:layout_height="match_parent"
                    android:layout_weight=".70"
                    android:text=""
                    android:id="@+id/totalTvIA"
                    android:textSize="18sp"
                    android:textColor="@color/GreyText"
                    android:gravity="center"
                    />
                <TextView
                    android:layout_width="0dp"
                    android:layout_height="match_parent"
                    android:layout_weight=".80"
                    android:text=""
                    android:textColor="@color/GreyText"
                    android:id="@+id/correctTvIA"
                    android:textSize="18sp"
                    android:gravity="center"
                    />
                <TextView
                    android:layout_width="0dp"
                    android:layout_height="match_parent"
                    android:layout_weight=".75"
                    android:text=""
                    android:textColor="@color/GreyText"
                    android:textSize="18sp"
                    android:id="@+id/wrongTvIA"
                    android:gravity="center"
                    />
                <TextView
                    android:layout_width="0dp"
                    android:layout_height="match_parent"
                    android:layout_weight=".75"
                    android:text=""
                    android:textColor="@color/GreyText"
                    android:id="@+id/marksTvIA"
                    android:textSize="18sp"
                    android:gravity="center"
                    />

            </LinearLayout>
        </androidx.cardview.widget.CardView>

        <androidx.cardview.widget.CardView
            android:layout_width="match_parent"
            android:layout_height="wrap_content"
            android:elevation="10dp"
            android:layout_marginTop="1dp"            >
            <LinearLayout
                android:layout_width="match_parent"
                android:layout_height="40dp"
                android:weightSum="5"
                android:padding="10dp"
                android:orientation="horizontal">

                <TextView
                    android:layout_width="0dp"
                    android:layout_height="match_parent"
                    android:layout_weight="2"
                    android:text="Bangladesh Affairs"
                    android:paddingStart="10dp"
                    android:textSize="16sp"
                    android:textColor="@color/GreyText"
                    android:gravity="center_vertical"
                    />
                <TextView
                    android:layout_width="0dp"
                    android:layout_height="match_parent"
                    android:layout_weight=".70"
                    android:text=""
                    android:textColor="@color/GreyText"
                    android:id="@+id/totalTvBA"
                    android:textSize="18sp"
                    android:gravity="center"
                    />
                <TextView
                    android:layout_width="0dp"
                    android:layout_height="match_parent"
                    android:layout_weight=".80"
                    android:text=""
                    android:textColor="@color/GreyText"
                    android:id="@+id/correctTvBA"
                    android:textSize="18sp"
                    android:gravity="center"
                    />
                <TextView
                    android:layout_width="0dp"
                    android:layout_height="match_parent"
                    android:layout_weight=".75"
                    android:text=""
                    android:textColor="@color/GreyText"
                    android:textSize="18sp"
                    android:id="@+id/wrongTvBA"
                    android:gravity="center"
                    />
                <TextView
                    android:layout_width="0dp"
                    android:layout_height="match_parent"
                    android:layout_weight=".75"
                    android:text=""
                    android:textColor="@color/GreyText"
                    android:id="@+id/marksTvBA"
                    android:textSize="18sp"
                    android:gravity="center"
                    />

            </LinearLayout>
        </androidx.cardview.widget.CardView>

        <androidx.cardview.widget.CardView
            android:layout_width="match_parent"
            android:layout_height="wrap_content"
            android:elevation="10dp"
            android:layout_marginTop="1dp"            >
            <LinearLayout
                android:layout_width="match_parent"
                android:layout_height="40dp"
                android:weightSum="5"
                android:padding="10dp"
                android:orientation="horizontal">

                <TextView
                    android:layout_width="0dp"
                    android:layout_height="match_parent"
                    android:layout_weight="2"
                    android:text="Bangla"
                    android:paddingStart="10dp"
                    android:textSize="16sp"
                    android:gravity="center_vertical"
                    />
                <TextView
                    android:layout_width="0dp"
                    android:layout_height="match_parent"
                    android:layout_weight=".70"
                    android:text=""
                    android:textColor="@color/GreyText"
                    android:id="@+id/totalTvB"
                    android:textSize="18sp"
                    android:gravity="center"
                    />
                <TextView
                    android:layout_width="0dp"
                    android:layout_height="match_parent"
                    android:layout_weight=".80"
                    android:text=""
                    android:textColor="@color/GreyText"
                    android:id="@+id/correctTvB"
                    android:textSize="18sp"
                    android:gravity="center"
                    />
                <TextView
                    android:layout_width="0dp"
                    android:layout_height="match_parent"
                    android:layout_weight=".75"
                    android:text=""
                    android:textColor="@color/GreyText"
                    android:textSize="18sp"
                    android:id="@+id/wrongTvB"
                    android:gravity="center"
                    />
                <TextView
                    android:layout_width="0dp"
                    android:layout_height="match_parent"
                    android:layout_weight=".75"
                    android:text=""
                    android:textColor="@color/GreyText"
                    android:id="@+id/marksTvB"
                    android:textSize="18sp"
                    android:gravity="center"
                    />

            </LinearLayout>

        </androidx.cardview.widget.CardView>

        <androidx.cardview.widget.CardView
            android:layout_width="match_parent"
            android:layout_height="wrap_content"
            android:elevation="10dp"
            android:layout_marginTop="1dp"            >
            <LinearLayout
                android:layout_width="match_parent"
                android:layout_height="wrap_content"
                android:weightSum="5"
                android:padding="10dp"

                android:orientation="horizontal">

                <TextView
                    android:layout_width="0dp"
                    android:layout_height="match_parent"
                    android:layout_weight="2"
                    android:text="Morals, values and good governance"
                    android:paddingStart="10dp"
                    android:textSize="16sp"
                    android:textColor="@color/GreyText"
                    android:gravity="center_vertical"
                    />
                <TextView
                    android:layout_width="0dp"
                    android:layout_height="match_parent"
                    android:layout_weight=".70"
                    android:text=""
                    android:textColor="@color/GreyText"
                    android:id="@+id/totalTvMAV"
                    android:textSize="18sp"
                    android:gravity="center"
                    />
                <TextView
                    android:layout_width="0dp"
                    android:layout_height="match_parent"
                    android:layout_weight=".80"
                    android:text=""
                    android:id="@+id/correctTvMAV"
                    android:textSize="18sp"
                    android:textColor="@color/GreyText"
                    android:gravity="center"
                    />
                <TextView
                    android:layout_width="0dp"
                    android:layout_height="match_parent"
                    android:layout_weight=".75"
                    android:text=""
                    android:textColor="@color/GreyText"
                    android:textSize="18sp"
                    android:id="@+id/wrongTvMAV"
                    android:gravity="center"
                    />
                <TextView
                    android:layout_width="0dp"
                    android:layout_height="match_parent"
                    android:layout_weight=".75"
                    android:text=""
                    android:textColor="@color/GreyText"
                    android:id="@+id/marksTvMAV"
                    android:textSize="18sp"
                    android:gravity="center"
                    />

            </LinearLayout>

        </androidx.cardview.widget.CardView>
        <androidx.cardview.widget.CardView
            android:layout_width="match_parent"
            android:layout_height="wrap_content"
            android:elevation="10dp"
            android:layout_marginTop="1dp"            >
            <LinearLayout
                android:layout_width="match_parent"
                android:layout_height="40dp"
                android:weightSum="5"
                android:padding="10dp"
                android:orientation="horizontal">

                <TextView
                    android:layout_width="0dp"
                    android:layout_height="match_parent"
                    android:layout_weight="2"
                    android:text="Geography"
                    android:paddingStart="10dp"
                    android:textSize="16sp"
                    android:textColor="@color/GreyText"
                    android:gravity="center_vertical"
                    />
                <TextView
                    android:layout_width="0dp"
                    android:layout_height="match_parent"
                    android:layout_weight=".70"
                    android:text=""
                    android:id="@+id/totalTvG"
                    android:textColor="@color/GreyText"
                    android:textSize="18sp"
                    android:gravity="center"
                    />
                <TextView
                    android:layout_width="0dp"
                    android:layout_height="match_parent"
                    android:layout_weight=".80"
                    android:text=""
                    android:textColor="@color/GreyText"
                    android:id="@+id/correctTvG"
                    android:textSize="18sp"
                    android:gravity="center"
                    />
                <TextView
                    android:layout_width="0dp"
                    android:layout_height="match_parent"
                    android:layout_weight=".75"
                    android:text=""
                    android:textColor="@color/GreyText"
                    android:textSize="18sp"
                    android:id="@+id/wrongTvG"
                    android:gravity="center"
                    />
                <TextView
                    android:layout_width="0dp"
                    android:layout_height="match_parent"
                    android:layout_weight=".75"
                    android:text=""
                    android:textColor="@color/GreyText"
                    android:id="@+id/marksTvG"
                    android:textSize="18sp"
                    android:gravity="center"
                    />

            </LinearLayout>
        </androidx.cardview.widget.CardView>

        <androidx.cardview.widget.CardView
            android:layout_width="match_parent"
            android:layout_height="wrap_content"
            android:elevation="10dp"
            android:layout_marginTop="1dp"            >
            <LinearLayout
                android:layout_width="match_parent"
                android:layout_height="40dp"
                android:weightSum="5"
                android:padding="10dp"
                android:orientation="horizontal">

                <TextView
                    android:layout_width="0dp"
                    android:layout_height="match_parent"
                    android:layout_weight="2"
                    android:text="Math"
                    android:paddingStart="10dp"
                    android:textSize="16sp"
                    android:textColor="@color/GreyText"
                    android:gravity="center_vertical"
                    />
                <TextView
                    android:layout_width="0dp"
                    android:layout_height="match_parent"
                    android:layout_weight=".70"
                    android:text=""
                    android:textColor="@color/GreyText"
                    android:id="@+id/totalTvML"
                    android:textSize="18sp"
                    android:gravity="center"
                    />
                <TextView
                    android:layout_width="0dp"
                    android:layout_height="match_parent"
                    android:layout_weight=".80"
                    android:text=""
                    android:textColor="@color/GreyText"
                    android:id="@+id/correctTvML"
                    android:textSize="18sp"
                    android:gravity="center"
                    />
                <TextView
                    android:layout_width="0dp"
                    android:layout_height="match_parent"
                    android:layout_weight=".75"
                    android:text=""
                    android:textColor="@color/GreyText"
                    android:textSize="18sp"
                    android:id="@+id/wrongTvML"
                    android:gravity="center"
                    />
                <TextView
                    android:layout_width="0dp"
                    android:layout_height="match_parent"
                    android:layout_weight=".75"
                    android:text=""
                    android:textColor="@color/GreyText"
                    android:id="@+id/marksTvML"
                    android:textSize="18sp"
                    android:gravity="center"
                    />

            </LinearLayout>
        </androidx.cardview.widget.CardView>

        <androidx.cardview.widget.CardView
            android:layout_width="match_parent"
            android:layout_height="wrap_content"
            android:elevation="10dp"
            android:layout_marginTop="1dp"
            >
            <LinearLayout
                android:layout_width="match_parent"
                android:layout_height="40dp"
                android:weightSum="5"
                android:padding="10dp"
                android:orientation="horizontal">

                <TextView
                    android:layout_width="0dp"
                    android:layout_height="match_parent"
                    android:layout_weight="2"
                    android:text="English"
                    android:paddingStart="10dp"
                    android:textSize="16sp"
                    android:textColor="@color/GreyText"
                    android:gravity="center_vertical"
                    />
                <TextView
                    android:layout_width="0dp"
                    android:layout_height="match_parent"
                    android:layout_weight=".70"
                    android:text=""
                    android:id="@+id/totalTvEL"
                    android:textSize="18sp"
                    android:textColor="@color/GreyText"
                    android:gravity="center"
                    />
                <TextView
                    android:layout_width="0dp"
                    android:layout_height="match_parent"
                    android:layout_weight=".80"
                    android:text=""
                    android:textColor="@color/GreyText"
                    android:id="@+id/correctTvEL"
                    android:textSize="18sp"
                    android:gravity="center"
                    />
                <TextView
                    android:layout_width="0dp"
                    android:layout_height="match_parent"
                    android:layout_weight=".75"
                    android:text=""
                    android:textColor="@color/GreyText"
                    android:textSize="18sp"
                    android:id="@+id/wrongTvEL"
                    android:gravity="center"
                    />
                <TextView
                    android:layout_width="0dp"
                    android:layout_height="match_parent"
                    android:layout_weight=".75"
                    android:text=""
                    android:textColor="@color/GreyText"
                    android:id="@+id/marksTvEL"
                    android:textSize="18sp"
                    android:gravity="center"
                    />

            </LinearLayout>
        </androidx.cardview.widget.CardView>

        <androidx.cardview.widget.CardView
            android:layout_width="match_parent"
            android:layout_height="wrap_content"
            android:elevation="10dp"
            android:layout_marginTop="1dp"            >
            <LinearLayout
                android:layout_width="match_parent"
                android:layout_height="40dp"
                android:weightSum="5"
                android:padding="10dp"
                android:orientation="horizontal">

                <TextView
                    android:layout_width="0dp"
                    android:layout_height="match_parent"
                    android:layout_weight="2"
                    android:text="Mental skils"
                    android:textColor="@color/GreyText"
                    android:paddingStart="10dp"
                    android:textSize="16sp"
                    android:gravity="center_vertical"
                    />
                <TextView
                    android:layout_width="0dp"
                    android:layout_height="match_parent"
                    android:layout_weight=".70"
                    android:text=""
                    android:textColor="@color/GreyText"
                    android:id="@+id/totalTvMS"
                    android:textSize="18sp"
                    android:gravity="center"
                    />
                <TextView
                    android:layout_width="0dp"
                    android:layout_height="match_parent"
                    android:layout_weight=".80"
                    android:text=""
                    android:textColor="@color/GreyText"
                    android:id="@+id/correctTvMS"
                    android:textSize="18sp"
                    android:gravity="center"
                    />
                <TextView
                    android:layout_width="0dp"
                    android:layout_height="match_parent"
                    android:layout_weight=".75"
                    android:text=""
                    android:textColor="@color/GreyText"
                    android:textSize="18sp"
                    android:id="@+id/wrongTvMS"
                    android:gravity="center"
                    />
                <TextView
                    android:layout_width="0dp"
                    android:layout_height="match_parent"
                    android:layout_weight=".75"
                    android:text=""
                    android:textColor="@color/GreyText"
                    android:id="@+id/marksTvMS"
                    android:textSize="18sp"
                    android:gravity="center"
                    />

            </LinearLayout>

        </androidx.cardview.widget.CardView>
        <androidx.cardview.widget.CardView
            android:layout_width="match_parent"
            android:layout_height="wrap_content"
            android:elevation="10dp"
            android:layout_marginTop="1dp"
            >
            <LinearLayout
                android:layout_width="match_parent"
                android:layout_height="40dp"
                android:weightSum="5"
                android:padding="10dp"
                android:orientation="horizontal">

                <TextView
                    android:layout_width="0dp"
                    android:layout_height="match_parent"
                    android:layout_weight="2"
                    android:text="General science"
                    android:paddingStart="10dp"
                    android:textColor="@color/GreyText"
                    android:textSize="16sp"
                    android:gravity="center_vertical"
                    />
                <TextView
                    android:layout_width="0dp"
                    android:layout_height="match_parent"
                    android:layout_weight=".70"
                    android:text=""
                    android:textColor="@color/GreyText"
                    android:id="@+id/totalTvGS"
                    android:textSize="18sp"
                    android:gravity="center"
                    />
                <TextView
                    android:layout_width="0dp"
                    android:layout_height="match_parent"
                    android:layout_weight=".80"
                    android:text=""
                    android:textColor="@color/GreyText"
                    android:id="@+id/correctTvGS"
                    android:textSize="18sp"
                    android:gravity="center"
                    />
                <TextView
                    android:layout_width="0dp"
                    android:layout_height="match_parent"
                    android:layout_weight=".75"
                    android:text=""
                    android:textColor="@color/GreyText"
                    android:textSize="18sp"
                    android:id="@+id/wrongTvGS"
                    android:gravity="center"
                    />
                <TextView
                    android:layout_width="0dp"
                    android:layout_height="match_parent"
                    android:layout_weight=".75"
                    android:text=""
                    android:textColor="@color/GreyText"
                    android:id="@+id/marksTvGS"
                    android:textSize="18sp"
                    android:gravity="center"
                    />

            </LinearLayout>

        </androidx.cardview.widget.CardView>

        <androidx.cardview.widget.CardView
            android:layout_width="match_parent"
            android:layout_height="wrap_content"
            android:elevation="10dp"
            android:layout_marginTop="1dp"

            >
            <LinearLayout
                android:layout_width="match_parent"
                android:layout_height="wrap_content"
                android:weightSum="5"
                android:padding="10dp"
                android:orientation="horizontal">

                <TextView
                    android:layout_width="0dp"
                    android:layout_height="match_parent"
                    android:layout_weight="2"
                    android:text="Computer and Information Technology"
                    android:paddingStart="10dp"
                    android:textSize="16sp"
                    android:textColor="@color/GreyText"
                    android:gravity="center_vertical"
                    />
                <TextView
                    android:layout_width="0dp"
                    android:layout_height="match_parent"
                    android:layout_weight=".70"
                    android:text=""
                    android:textColor="@color/GreyText"
                    android:id="@+id/totalTvICT"
                    android:textSize="18sp"
                    android:gravity="center"
                    />
                <TextView
                    android:layout_width="0dp"
                    android:layout_height="match_parent"
                    android:layout_weight=".80"
                    android:text=""
                    android:textColor="@color/GreyText"
                    android:id="@+id/correctTvICT"
                    android:textSize="18sp"
                    android:gravity="center"
                    />
                <TextView
                    android:layout_width="0dp"
                    android:layout_height="match_parent"
                    android:layout_weight=".75"
                    android:text=""
                    android:textColor="@color/GreyText"
                    android:textSize="18sp"
                    android:id="@+id/wrongTvICT"
                    android:gravity="center"
                    />
                <TextView
                    android:layout_width="0dp"
                    android:layout_height="match_parent"
                    android:layout_weight=".75"
                    android:text=""
                    android:textColor="@color/GreyText"
                    android:id="@+id/marksTvICT"
                    android:textSize="18sp"
                    android:gravity="center"
                    />

            </LinearLayout>

        </androidx.cardview.widget.CardView>



    </LinearLayout>


</LinearLayout>